<?xml version="1.0" encoding="UTF-8"?>
<!-- Generated by org.testng.reporters.JUnitXMLReporter -->
<testsuite ignored="0" hostname="LTIN522670" failures="0" tests="20" name="chrometest" time="147.799" errors="0" timestamp="2025-01-13T22:23:16 IST">
  <testcase classname="TestClass.NewTest" name="openWebsite" time="3.36"/>
  <testcase classname="TestClass.NewTest" name="locateSearchBox" time="0.054"/>
  <testcase classname="TestClass.NewTest" name="autoSuggestion" time="20.669"/>
  <testcase classname="TestClass.NewTest" name="courseLanguageSelection" time="3.264"/>
  <testcase classname="TestClass.NewTest" name="courseLevelSelection" time="3.271"/>
  <testcase classname="TestClass.NewTest" name="displayFirstCourseDetails" time="5.164"/>
  <testcase classname="TestClass.NewTest" name="displaySecondCourseDetails" time="0.114"/>
  <testcase classname="TestClass.NewTest" name="displayListOfLanguages" time="5.207"/>
  <testcase classname="TestClass.NewTest" name="displayListOfLevel" time="0.105"/>
  <testcase classname="TestClass.NewTest" name="newTabSwitch" time="7.388"/>
  <testcase classname="TestClass.NewTest" name="navigateBackToHome" time="4.187"/>
  <testcase classname="TestClass.NewTest" name="locateForEnterprise" time="4.445"/>
  <testcase classname="TestClass.NewTest" name="locateCourseForCampus" time="0.508"/>
  <testcase classname="TestClass.NewTest" name="errorOnInvalidEmail" time="20.152"/>
  <testcase classname="TestClass.NewTest" name="errorOnInvalidMobile" time="22.018"/>
  <testcase classname="TestClass.NewTest" name="errorOnBlankFields" time="21.574"/>
  <testcase classname="TestClass.NewTest" name="locateForm" time="0.036"/>
  <testcase classname="TestClass.NewTest" name="locateStateOnSelectingIndia" time="0.035"/>
  <testcase classname="TestClass.NewTest" name="submitFormVerification" time="21.968"/>
  <testcase classname="TestClass.NewTest" name="takeScreenshot" time="0.001"/>
</testsuite> <!-- chrometest -->
