<?xml version="1.0" encoding="UTF-8"?>
<!-- Generated by org.testng.reporters.JUnitXMLReporter -->
<testsuite ignored="0" hostname="LTIN522670" failures="1" tests="20" name="edgetest" time="58.169" errors="0" timestamp="2025-01-13T22:21:47 IST">
  <testcase classname="TestClass.NewTest" name="openWebsite" time="5.009"/>
  <testcase classname="TestClass.NewTest" name="locateSearchBox" time="0.035"/>
  <testcase classname="TestClass.NewTest" name="autoSuggestion" time="18.342"/>
  <testcase classname="TestClass.NewTest" name="courseLanguageSelection" time="3.338"/>
  <testcase classname="TestClass.NewTest" name="courseLevelSelection" time="3.314"/>
  <testcase classname="TestClass.NewTest" name="displayFirstCourseDetails" time="5.194"/>
  <testcase classname="TestClass.NewTest" name="displaySecondCourseDetails" time="0.171"/>
  <testcase classname="TestClass.NewTest" name="displayListOfLanguages" time="5.321"/>
  <testcase classname="TestClass.NewTest" name="displayListOfLevel" time="0.129"/>
  <testcase classname="TestClass.NewTest" name="newTabSwitch" time="6.474"/>
  <testcase classname="TestClass.NewTest" name="navigateBackToHome" time="3.811"/>
  <testcase classname="TestClass.NewTest" name="locateForEnterprise" time="1.443">
    <failure type="org.openqa.selenium.ElementClickInterceptedException" message="element click intercepted: Element &amp;lt;a data-click-key=&amp;quot;front_page.front_page_story.click.seo_directory_link&amp;quot; data-click-value=&amp;quot;{&amp;amp;quot;href&amp;amp;quot;:&amp;amp;quot;/business?utm_campaign=website&amp;amp;amp;utm_content=corp-to-home-footer-for-enterprise&amp;amp;amp;utm_medium=coursera&amp;amp;amp;utm_source=enterprise&amp;amp;quot;,&amp;amp;quot;namespace&amp;amp;quot;:{&amp;amp;quot;action&amp;amp;quot;:&amp;amp;quot;click&amp;amp;quot;,&amp;amp;quot;app&amp;amp;quot;:&amp;amp;quot;front_page&amp;amp;quot;,&amp;amp;quot;component&amp;amp;quot;:&amp;amp;quot;seo_directory_link&amp;amp;quot;,&amp;amp;quot;page&amp;amp;quot;:&amp;amp;quot;front_page_story&amp;amp;quot;},&amp;amp;quot;schema_type&amp;amp;quot;:&amp;amp;quot;FRONTEND&amp;amp;quot;}&amp;quot; data-track=&amp;quot;true&amp;quot; data-track-app=&amp;quot;front_page&amp;quot; data-track-page=&amp;quot;front_page_story&amp;quot; data-track-action=&amp;quot;click&amp;quot; data-track-component=&amp;quot;seo_directory_link&amp;quot; data-track-href=&amp;quot;/business?utm_campaign=website&amp;amp;amp;utm_content=corp-to-home-footer-for-enterprise&amp;amp;amp;utm_medium=coursera&amp;amp;amp;utm_source=enterprise&amp;quot; href=&amp;quot;/business?utm_campaign=website&amp;amp;amp;utm_content=corp-to-home-footer-for-enterprise&amp;amp;amp;utm_medium=coursera&amp;amp;amp;utm_source=enterprise&amp;quot; to=&amp;quot;/business?utm_campaign=website&amp;amp;amp;utm_content=corp-to-home-footer-for-enterprise&amp;amp;amp;utm_medium=coursera&amp;amp;amp;utm_source=enterprise&amp;quot; class=&amp;quot;rc-SubFooterSection__content-column-link-text&amp;quot;&amp;gt;...&amp;lt;/a&amp;gt; is not clickable at point (93, 542). Other element would receive the click: &amp;lt;div class=&amp;quot;rc-CopyrightV2 lohp-rebrand&amp;quot;&amp;gt;...&amp;lt;/div&amp;gt;
  (Session info: MicrosoftEdge=131.0.2903.146)
Build info: version: &amp;apos;4.27.0&amp;apos;, revision: &amp;apos;d6e718d134&amp;apos;
System info: os.name: &amp;apos;Windows 11&amp;apos;, os.arch: &amp;apos;amd64&amp;apos;, os.version: &amp;apos;10.0&amp;apos;, java.version: &amp;apos;17.0.13&amp;apos;
Driver info: org.openqa.selenium.edge.EdgeDriver
Command: [785749b8f707fe02556fa55da62a5431, clickElement {id=f.355A7E391798E74831A7CB6ECDA99436.d.31AD662910BDE5A308A4076B90F229C3.e.288}]
Capabilities {acceptInsecureCerts: false, browserName: MicrosoftEdge, browserVersion: 131.0.2903.146, fedcm:accounts: true, ms:edgeOptions: {debuggerAddress: localhost:55964}, msedge: {msedgedriverVersion: 131.0.2903.146 (99fcb90c1ee..., userDataDir: C:\Users\2373652\AppData\Lo...}, networkConnectionEnabled: false, pageLoadStrategy: normal, platformName: windows, proxy: Proxy(), se:cdp: ws://localhost:55964/devtoo..., se:cdpVersion: 131.0.2903.146, setWindowRect: true, strictFileInteractability: false, timeouts: {implicit: 0, pageLoad: 300000, script: 30000}, unhandledPromptBehavior: dismiss and notify, webauthn:extension:credBlob: true, webauthn:extension:largeBlob: true, webauthn:extension:minPinLength: true, webauthn:extension:prf: true, webauthn:virtualAuthenticators: true}
Element: [[EdgeDriver: MicrosoftEdge on windows (785749b8f707fe02556fa55da62a5431)] -&amp;gt; link text: For Enterprise]
Session ID: 785749b8f707fe02556fa55da62a5431">
      <![CDATA[org.openqa.selenium.ElementClickInterceptedException: element click intercepted: Element <a data-click-key="front_page.front_page_story.click.seo_directory_link" data-click-value="{&quot;href&quot;:&quot;/business?utm_campaign=website&amp;utm_content=corp-to-home-footer-for-enterprise&amp;utm_medium=coursera&amp;utm_source=enterprise&quot;,&quot;namespace&quot;:{&quot;action&quot;:&quot;click&quot;,&quot;app&quot;:&quot;front_page&quot;,&quot;component&quot;:&quot;seo_directory_link&quot;,&quot;page&quot;:&quot;front_page_story&quot;},&quot;schema_type&quot;:&quot;FRONTEND&quot;}" data-track="true" data-track-app="front_page" data-track-page="front_page_story" data-track-action="click" data-track-component="seo_directory_link" data-track-href="/business?utm_campaign=website&amp;utm_content=corp-to-home-footer-for-enterprise&amp;utm_medium=coursera&amp;utm_source=enterprise" href="/business?utm_campaign=website&amp;utm_content=corp-to-home-footer-for-enterprise&amp;utm_medium=coursera&amp;utm_source=enterprise" to="/business?utm_campaign=website&amp;utm_content=corp-to-home-footer-for-enterprise&amp;utm_medium=coursera&amp;utm_source=enterprise" class="rc-SubFooterSection__content-column-link-text">...</a> is not clickable at point (93, 542). Other element would receive the click: <div class="rc-CopyrightV2 lohp-rebrand">...</div>
  (Session info: MicrosoftEdge=131.0.2903.146)
Build info: version: '4.27.0', revision: 'd6e718d134'
System info: os.name: 'Windows 11', os.arch: 'amd64', os.version: '10.0', java.version: '17.0.13'
Driver info: org.openqa.selenium.edge.EdgeDriver
Command: [785749b8f707fe02556fa55da62a5431, clickElement {id=f.355A7E391798E74831A7CB6ECDA99436.d.31AD662910BDE5A308A4076B90F229C3.e.288}]
Capabilities {acceptInsecureCerts: false, browserName: MicrosoftEdge, browserVersion: 131.0.2903.146, fedcm:accounts: true, ms:edgeOptions: {debuggerAddress: localhost:55964}, msedge: {msedgedriverVersion: 131.0.2903.146 (99fcb90c1ee..., userDataDir: C:\Users\2373652\AppData\Lo...}, networkConnectionEnabled: false, pageLoadStrategy: normal, platformName: windows, proxy: Proxy(), se:cdp: ws://localhost:55964/devtoo..., se:cdpVersion: 131.0.2903.146, setWindowRect: true, strictFileInteractability: false, timeouts: {implicit: 0, pageLoad: 300000, script: 30000}, unhandledPromptBehavior: dismiss and notify, webauthn:extension:credBlob: true, webauthn:extension:largeBlob: true, webauthn:extension:minPinLength: true, webauthn:extension:prf: true, webauthn:virtualAuthenticators: true}
Element: [[EdgeDriver: MicrosoftEdge on windows (785749b8f707fe02556fa55da62a5431)] -> link text: For Enterprise]
Session ID: 785749b8f707fe02556fa55da62a5431
at org.openqa.selenium.remote.ErrorCodec.decode(ErrorCodec.java:167)
at org.openqa.selenium.remote.codec.w3c.W3CHttpResponseCodec.decode(W3CHttpResponseCodec.java:138)
at org.openqa.selenium.remote.codec.w3c.W3CHttpResponseCodec.decode(W3CHttpResponseCodec.java:50)
at org.openqa.selenium.remote.HttpCommandExecutor.execute(HttpCommandExecutor.java:190)
at org.openqa.selenium.remote.service.DriverCommandExecutor.invokeExecute(DriverCommandExecutor.java:216)
at org.openqa.selenium.remote.service.DriverCommandExecutor.execute(DriverCommandExecutor.java:174)
at org.openqa.selenium.remote.RemoteWebDriver.execute(RemoteWebDriver.java:545)
at org.openqa.selenium.remote.RemoteWebElement.execute(RemoteWebElement.java:223)
at org.openqa.selenium.remote.RemoteWebElement.click(RemoteWebElement.java:76)
at TestClass.NewTest.locateForEnterprise(NewTest.java:121)
at java.base/java.util.ArrayList.forEach(ArrayList.java:1511)
at java.base/java.util.concurrent.FutureTask.run(FutureTask.java:264)
at java.base/java.util.concurrent.ThreadPoolExecutor.runWorker(ThreadPoolExecutor.java:1136)
at java.base/java.util.concurrent.ThreadPoolExecutor$Worker.run(ThreadPoolExecutor.java:635)
at java.base/java.lang.Thread.run(Thread.java:840)
... Removed 22 stack frames]]>
    </failure>
  </testcase> <!-- locateForEnterprise -->
  <testcase classname="TestClass.NewTest" name="locateCourseForCampus" time="0.0">
    <skipped/>
  </testcase> <!-- locateCourseForCampus -->
  <testcase classname="TestClass.NewTest" name="errorOnInvalidEmail" time="0.0">
    <skipped/>
  </testcase> <!-- errorOnInvalidEmail -->
  <testcase classname="TestClass.NewTest" name="errorOnInvalidMobile" time="0.001">
    <skipped/>
  </testcase> <!-- errorOnInvalidMobile -->
  <testcase classname="TestClass.NewTest" name="errorOnBlankFields" time="0.0">
    <skipped/>
  </testcase> <!-- errorOnBlankFields -->
  <testcase classname="TestClass.NewTest" name="locateForm" time="0.0">
    <skipped/>
  </testcase> <!-- locateForm -->
  <testcase classname="TestClass.NewTest" name="locateStateOnSelectingIndia" time="0.0">
    <skipped/>
  </testcase> <!-- locateStateOnSelectingIndia -->
  <testcase classname="TestClass.NewTest" name="submitFormVerification" time="0.001">
    <skipped/>
  </testcase> <!-- submitFormVerification -->
  <testcase classname="TestClass.NewTest" name="takeScreenshot" time="0.001"/>
</testsuite> <!-- edgetest -->
