<?xml version="1.0" encoding="UTF-8"?>
<!-- Generated by org.testng.reporters.JUnitXMLReporter -->
<testsuite ignored="0" hostname="LTIN522670" failures="0" tests="20" name="chrometest" time="268.784" errors="0" timestamp="2025-01-13T10:23:54 IST">
  <testcase classname="TestClass.NewTest" name="openWebsite" time="22.781"/>
  <testcase classname="TestClass.NewTest" name="locateSearchBox" time="0.036"/>
  <testcase classname="TestClass.NewTest" name="autoSuggestion" time="55.945"/>
  <testcase classname="TestClass.NewTest" name="courseLanguageSelection" time="3.207"/>
  <testcase classname="TestClass.NewTest" name="courseLevelSelection" time="3.274"/>
  <testcase classname="TestClass.NewTest" name="displayFirstCourseDetails" time="5.092"/>
  <testcase classname="TestClass.NewTest" name="displaySecondCourseDetails" time="0.076"/>
  <testcase classname="TestClass.NewTest" name="displayListOfLanguages" time="5.21"/>
  <testcase classname="TestClass.NewTest" name="displayListOfLevel" time="0.068"/>
  <testcase classname="TestClass.NewTest" name="newTabSwitch" time="14.084"/>
  <testcase classname="TestClass.NewTest" name="navigateBackToHome" time="24.16"/>
  <testcase classname="TestClass.NewTest" name="locateForEnterprise" time="30.551"/>
  <testcase classname="TestClass.NewTest" name="locateCourseForCampus" time="0.438"/>
  <testcase classname="TestClass.NewTest" name="errorOnInvalidEmail" time="18.654"/>
  <testcase classname="TestClass.NewTest" name="errorOnInvalidMobile" time="21.509"/>
  <testcase classname="TestClass.NewTest" name="errorOnBlankFields" time="29.497"/>
  <testcase classname="TestClass.NewTest" name="locateForm" time="0.019"/>
  <testcase classname="TestClass.NewTest" name="locateStateOnSelectingIndia" time="0.019"/>
  <testcase classname="TestClass.NewTest" name="submitFormVerification" time="24.419"/>
  <testcase classname="TestClass.NewTest" name="takeScreenshot" time="0.0"/>
</testsuite> <!-- chrometest -->
