<?xml version="1.0" encoding="UTF-8"?>
<!-- Generated by org.testng.reporters.JUnitXMLReporter -->
<testsuite ignored="0" hostname="LTIN522670" failures="0" tests="20" name="edgetest" time="271.268" errors="0" timestamp="2025-01-13T10:23:57 IST">
  <testcase classname="TestClass.NewTest" name="openWebsite" time="34.264"/>
  <testcase classname="TestClass.NewTest" name="locateSearchBox" time="0.036"/>
  <testcase classname="TestClass.NewTest" name="autoSuggestion" time="44.33"/>
  <testcase classname="TestClass.NewTest" name="courseLanguageSelection" time="3.257"/>
  <testcase classname="TestClass.NewTest" name="courseLevelSelection" time="3.309"/>
  <testcase classname="TestClass.NewTest" name="displayFirstCourseDetails" time="5.118"/>
  <testcase classname="TestClass.NewTest" name="displaySecondCourseDetails" time="0.084"/>
  <testcase classname="TestClass.NewTest" name="displayListOfLanguages" time="5.271"/>
  <testcase classname="TestClass.NewTest" name="displayListOfLevel" time="0.065"/>
  <testcase classname="TestClass.NewTest" name="newTabSwitch" time="34.512"/>
  <testcase classname="TestClass.NewTest" name="navigateBackToHome" time="7.39"/>
  <testcase classname="TestClass.NewTest" name="locateForEnterprise" time="24.165"/>
  <testcase classname="TestClass.NewTest" name="locateCourseForCampus" time="0.358"/>
  <testcase classname="TestClass.NewTest" name="errorOnInvalidEmail" time="19.074"/>
  <testcase classname="TestClass.NewTest" name="errorOnInvalidMobile" time="29.814"/>
  <testcase classname="TestClass.NewTest" name="errorOnBlankFields" time="25.424"/>
  <testcase classname="TestClass.NewTest" name="locateForm" time="0.026"/>
  <testcase classname="TestClass.NewTest" name="locateStateOnSelectingIndia" time="0.024"/>
  <testcase classname="TestClass.NewTest" name="submitFormVerification" time="21.49"/>
  <testcase classname="TestClass.NewTest" name="takeScreenshot" time="0.0"/>
</testsuite> <!-- edgetest -->
