<?xml version="1.0" encoding="UTF-8"?>
<testng-results ignored="0" total="40" passed="40" failed="0" skipped="0">
  <reporter-output>
  </reporter-output>
  <suite started-at="2025-01-13T10:19:25 IST" name="Suite" finished-at="2025-01-13T10:23:57 IST" duration-ms="271268">
    <groups>
    </groups>
    <test started-at="2025-01-13T10:19:25 IST" name="chrometest" finished-at="2025-01-13T10:23:54 IST" duration-ms="268784">
      <class name="TestClass.NewTest">
        <test-method is-config="true" signature="setUp(java.lang.String)[pri:0, instance:TestClass.NewTest@431cd9b2]" started-at="2025-01-13T10:19:26 IST" name="setUp" finished-at="2025-01-13T10:19:30 IST" duration-ms="4286" status="PASS">
          <params>
            <param index="0">
              <value>
                <![CDATA[chrome]]>
              </value>
            </param>
          </params>
          <reporter-output>
          </reporter-output>
        </test-method> <!-- setUp -->
        <test-method signature="openWebsite()[pri:0, instance:TestClass.NewTest@431cd9b2]" started-at="2025-01-13T10:19:30 IST" name="openWebsite" finished-at="2025-01-13T10:19:53 IST" duration-ms="22781" status="PASS">
          <reporter-output>
          </reporter-output>
        </test-method> <!-- openWebsite -->
        <test-method signature="locateSearchBox()[pri:1, instance:TestClass.NewTest@431cd9b2]" started-at="2025-01-13T10:19:53 IST" name="locateSearchBox" finished-at="2025-01-13T10:19:53 IST" depends-on-methods="TestClass.NewTest.openWebsite" duration-ms="36" status="PASS">
          <reporter-output>
          </reporter-output>
        </test-method> <!-- locateSearchBox -->
        <test-method signature="autoSuggestion()[pri:2, instance:TestClass.NewTest@431cd9b2]" started-at="2025-01-13T10:19:53 IST" name="autoSuggestion" finished-at="2025-01-13T10:20:49 IST" depends-on-methods="TestClass.NewTest.locateSearchBox" duration-ms="55945" status="PASS">
          <reporter-output>
          </reporter-output>
        </test-method> <!-- autoSuggestion -->
        <test-method signature="courseLanguageSelection()[pri:3, instance:TestClass.NewTest@431cd9b2]" started-at="2025-01-13T10:20:49 IST" name="courseLanguageSelection" finished-at="2025-01-13T10:20:52 IST" depends-on-methods="TestClass.NewTest.autoSuggestion" duration-ms="3207" status="PASS">
          <reporter-output>
          </reporter-output>
        </test-method> <!-- courseLanguageSelection -->
        <test-method signature="courseLevelSelection()[pri:4, instance:TestClass.NewTest@431cd9b2]" started-at="2025-01-13T10:20:52 IST" name="courseLevelSelection" finished-at="2025-01-13T10:20:55 IST" depends-on-methods="TestClass.NewTest.autoSuggestion" duration-ms="3274" status="PASS">
          <reporter-output>
          </reporter-output>
        </test-method> <!-- courseLevelSelection -->
        <test-method signature="displayFirstCourseDetails()[pri:5, instance:TestClass.NewTest@431cd9b2]" started-at="2025-01-13T10:20:55 IST" name="displayFirstCourseDetails" finished-at="2025-01-13T10:21:00 IST" depends-on-methods="TestClass.NewTest.courseLanguageSelection, TestClass.NewTest.courseLevelSelection" duration-ms="5092" status="PASS">
          <reporter-output>
          </reporter-output>
        </test-method> <!-- displayFirstCourseDetails -->
        <test-method signature="displaySecondCourseDetails()[pri:6, instance:TestClass.NewTest@431cd9b2]" started-at="2025-01-13T10:21:00 IST" name="displaySecondCourseDetails" finished-at="2025-01-13T10:21:00 IST" depends-on-methods="TestClass.NewTest.courseLanguageSelection, TestClass.NewTest.courseLevelSelection" duration-ms="76" status="PASS">
          <reporter-output>
          </reporter-output>
        </test-method> <!-- displaySecondCourseDetails -->
        <test-method signature="displayListOfLanguages()[pri:7, instance:TestClass.NewTest@431cd9b2]" started-at="2025-01-13T10:21:00 IST" name="displayListOfLanguages" finished-at="2025-01-13T10:21:06 IST" depends-on-methods="TestClass.NewTest.autoSuggestion" duration-ms="5210" status="PASS">
          <reporter-output>
          </reporter-output>
        </test-method> <!-- displayListOfLanguages -->
        <test-method signature="displayListOfLevel()[pri:8, instance:TestClass.NewTest@431cd9b2]" started-at="2025-01-13T10:21:06 IST" name="displayListOfLevel" finished-at="2025-01-13T10:21:06 IST" depends-on-methods="TestClass.NewTest.autoSuggestion" duration-ms="68" status="PASS">
          <reporter-output>
          </reporter-output>
        </test-method> <!-- displayListOfLevel -->
        <test-method signature="newTabSwitch()[pri:9, instance:TestClass.NewTest@431cd9b2]" started-at="2025-01-13T10:21:06 IST" name="newTabSwitch" finished-at="2025-01-13T10:21:20 IST" depends-on-methods="TestClass.NewTest.autoSuggestion" duration-ms="14084" status="PASS">
          <reporter-output>
          </reporter-output>
        </test-method> <!-- newTabSwitch -->
        <test-method signature="navigateBackToHome()[pri:10, instance:TestClass.NewTest@431cd9b2]" started-at="2025-01-13T10:21:20 IST" name="navigateBackToHome" finished-at="2025-01-13T10:21:44 IST" duration-ms="24160" status="PASS">
          <reporter-output>
          </reporter-output>
        </test-method> <!-- navigateBackToHome -->
        <test-method signature="locateForEnterprise()[pri:11, instance:TestClass.NewTest@431cd9b2]" started-at="2025-01-13T10:21:44 IST" name="locateForEnterprise" finished-at="2025-01-13T10:22:14 IST" depends-on-methods="TestClass.NewTest.navigateBackToHome" duration-ms="30551" status="PASS">
          <reporter-output>
          </reporter-output>
        </test-method> <!-- locateForEnterprise -->
        <test-method signature="locateCourseForCampus()[pri:12, instance:TestClass.NewTest@431cd9b2]" started-at="2025-01-13T10:22:14 IST" name="locateCourseForCampus" finished-at="2025-01-13T10:22:15 IST" depends-on-methods="TestClass.NewTest.locateForEnterprise" duration-ms="438" status="PASS">
          <reporter-output>
          </reporter-output>
        </test-method> <!-- locateCourseForCampus -->
        <test-method signature="errorOnInvalidEmail()[pri:13, instance:TestClass.NewTest@431cd9b2]" started-at="2025-01-13T10:22:15 IST" name="errorOnInvalidEmail" finished-at="2025-01-13T10:22:33 IST" depends-on-methods="TestClass.NewTest.locateCourseForCampus" duration-ms="18654" status="PASS">
          <reporter-output>
          </reporter-output>
        </test-method> <!-- errorOnInvalidEmail -->
        <test-method signature="errorOnInvalidMobile()[pri:14, instance:TestClass.NewTest@431cd9b2]" started-at="2025-01-13T10:22:33 IST" name="errorOnInvalidMobile" finished-at="2025-01-13T10:22:55 IST" depends-on-methods="TestClass.NewTest.locateCourseForCampus" duration-ms="21509" status="PASS">
          <reporter-output>
          </reporter-output>
        </test-method> <!-- errorOnInvalidMobile -->
        <test-method signature="errorOnBlankFields()[pri:15, instance:TestClass.NewTest@431cd9b2]" started-at="2025-01-13T10:22:55 IST" name="errorOnBlankFields" finished-at="2025-01-13T10:23:24 IST" depends-on-methods="TestClass.NewTest.locateCourseForCampus" duration-ms="29497" status="PASS">
          <reporter-output>
          </reporter-output>
        </test-method> <!-- errorOnBlankFields -->
        <test-method signature="locateForm()[pri:16, instance:TestClass.NewTest@431cd9b2]" started-at="2025-01-13T10:23:24 IST" name="locateForm" finished-at="2025-01-13T10:23:24 IST" depends-on-methods="TestClass.NewTest.locateCourseForCampus" duration-ms="19" status="PASS">
          <reporter-output>
          </reporter-output>
        </test-method> <!-- locateForm -->
        <test-method signature="locateStateOnSelectingIndia()[pri:17, instance:TestClass.NewTest@431cd9b2]" started-at="2025-01-13T10:23:24 IST" name="locateStateOnSelectingIndia" finished-at="2025-01-13T10:23:25 IST" depends-on-methods="TestClass.NewTest.locateCourseForCampus" duration-ms="19" status="PASS">
          <reporter-output>
          </reporter-output>
        </test-method> <!-- locateStateOnSelectingIndia -->
        <test-method signature="submitFormVerification()[pri:18, instance:TestClass.NewTest@431cd9b2]" started-at="2025-01-13T10:23:25 IST" name="submitFormVerification" finished-at="2025-01-13T10:23:49 IST" depends-on-methods="TestClass.NewTest.locateCourseForCampus" duration-ms="24419" status="PASS">
          <reporter-output>
          </reporter-output>
        </test-method> <!-- submitFormVerification -->
        <test-method signature="takeScreenshot()[pri:19, instance:TestClass.NewTest@431cd9b2]" started-at="2025-01-13T10:23:49 IST" name="takeScreenshot" finished-at="2025-01-13T10:23:49 IST" duration-ms="0" status="PASS">
          <reporter-output>
          </reporter-output>
        </test-method> <!-- takeScreenshot -->
        <test-method is-config="true" signature="afterClass()[pri:0, instance:TestClass.NewTest@431cd9b2]" started-at="2025-01-13T10:23:49 IST" name="afterClass" finished-at="2025-01-13T10:23:54 IST" duration-ms="5203" status="PASS">
          <reporter-output>
          </reporter-output>
        </test-method> <!-- afterClass -->
      </class> <!-- TestClass.NewTest -->
    </test> <!-- chrometest -->
    <test started-at="2025-01-13T10:19:25 IST" name="edgetest" finished-at="2025-01-13T10:23:57 IST" duration-ms="271268">
      <class name="TestClass.NewTest">
        <test-method is-config="true" signature="setUp(java.lang.String)[pri:0, instance:TestClass.NewTest@4dc27487]" started-at="2025-01-13T10:19:26 IST" name="setUp" finished-at="2025-01-13T10:19:30 IST" duration-ms="4519" status="PASS">
          <params>
            <param index="0">
              <value>
                <![CDATA[edge]]>
              </value>
            </param>
          </params>
          <reporter-output>
          </reporter-output>
        </test-method> <!-- setUp -->
        <test-method signature="openWebsite()[pri:0, instance:TestClass.NewTest@4dc27487]" started-at="2025-01-13T10:19:30 IST" name="openWebsite" finished-at="2025-01-13T10:20:04 IST" duration-ms="34264" status="PASS">
          <reporter-output>
          </reporter-output>
        </test-method> <!-- openWebsite -->
        <test-method signature="locateSearchBox()[pri:1, instance:TestClass.NewTest@4dc27487]" started-at="2025-01-13T10:20:04 IST" name="locateSearchBox" finished-at="2025-01-13T10:20:04 IST" depends-on-methods="TestClass.NewTest.openWebsite" duration-ms="36" status="PASS">
          <reporter-output>
          </reporter-output>
        </test-method> <!-- locateSearchBox -->
        <test-method signature="autoSuggestion()[pri:2, instance:TestClass.NewTest@4dc27487]" started-at="2025-01-13T10:20:04 IST" name="autoSuggestion" finished-at="2025-01-13T10:20:49 IST" depends-on-methods="TestClass.NewTest.locateSearchBox" duration-ms="44330" status="PASS">
          <reporter-output>
          </reporter-output>
        </test-method> <!-- autoSuggestion -->
        <test-method signature="courseLanguageSelection()[pri:3, instance:TestClass.NewTest@4dc27487]" started-at="2025-01-13T10:20:49 IST" name="courseLanguageSelection" finished-at="2025-01-13T10:20:52 IST" depends-on-methods="TestClass.NewTest.autoSuggestion" duration-ms="3257" status="PASS">
          <reporter-output>
          </reporter-output>
        </test-method> <!-- courseLanguageSelection -->
        <test-method signature="courseLevelSelection()[pri:4, instance:TestClass.NewTest@4dc27487]" started-at="2025-01-13T10:20:52 IST" name="courseLevelSelection" finished-at="2025-01-13T10:20:55 IST" depends-on-methods="TestClass.NewTest.autoSuggestion" duration-ms="3309" status="PASS">
          <reporter-output>
          </reporter-output>
        </test-method> <!-- courseLevelSelection -->
        <test-method signature="displayFirstCourseDetails()[pri:5, instance:TestClass.NewTest@4dc27487]" started-at="2025-01-13T10:20:55 IST" name="displayFirstCourseDetails" finished-at="2025-01-13T10:21:00 IST" depends-on-methods="TestClass.NewTest.courseLanguageSelection, TestClass.NewTest.courseLevelSelection" duration-ms="5118" status="PASS">
          <reporter-output>
          </reporter-output>
        </test-method> <!-- displayFirstCourseDetails -->
        <test-method signature="displaySecondCourseDetails()[pri:6, instance:TestClass.NewTest@4dc27487]" started-at="2025-01-13T10:21:00 IST" name="displaySecondCourseDetails" finished-at="2025-01-13T10:21:00 IST" depends-on-methods="TestClass.NewTest.courseLanguageSelection, TestClass.NewTest.courseLevelSelection" duration-ms="84" status="PASS">
          <reporter-output>
          </reporter-output>
        </test-method> <!-- displaySecondCourseDetails -->
        <test-method signature="displayListOfLanguages()[pri:7, instance:TestClass.NewTest@4dc27487]" started-at="2025-01-13T10:21:00 IST" name="displayListOfLanguages" finished-at="2025-01-13T10:21:06 IST" depends-on-methods="TestClass.NewTest.autoSuggestion" duration-ms="5271" status="PASS">
          <reporter-output>
          </reporter-output>
        </test-method> <!-- displayListOfLanguages -->
        <test-method signature="displayListOfLevel()[pri:8, instance:TestClass.NewTest@4dc27487]" started-at="2025-01-13T10:21:06 IST" name="displayListOfLevel" finished-at="2025-01-13T10:21:06 IST" depends-on-methods="TestClass.NewTest.autoSuggestion" duration-ms="65" status="PASS">
          <reporter-output>
          </reporter-output>
        </test-method> <!-- displayListOfLevel -->
        <test-method signature="newTabSwitch()[pri:9, instance:TestClass.NewTest@4dc27487]" started-at="2025-01-13T10:21:06 IST" name="newTabSwitch" finished-at="2025-01-13T10:21:40 IST" depends-on-methods="TestClass.NewTest.autoSuggestion" duration-ms="34512" status="PASS">
          <reporter-output>
          </reporter-output>
        </test-method> <!-- newTabSwitch -->
        <test-method signature="navigateBackToHome()[pri:10, instance:TestClass.NewTest@4dc27487]" started-at="2025-01-13T10:21:40 IST" name="navigateBackToHome" finished-at="2025-01-13T10:21:48 IST" duration-ms="7390" status="PASS">
          <reporter-output>
          </reporter-output>
        </test-method> <!-- navigateBackToHome -->
        <test-method signature="locateForEnterprise()[pri:11, instance:TestClass.NewTest@4dc27487]" started-at="2025-01-13T10:21:48 IST" name="locateForEnterprise" finished-at="2025-01-13T10:22:12 IST" depends-on-methods="TestClass.NewTest.navigateBackToHome" duration-ms="24165" status="PASS">
          <reporter-output>
          </reporter-output>
        </test-method> <!-- locateForEnterprise -->
        <test-method signature="locateCourseForCampus()[pri:12, instance:TestClass.NewTest@4dc27487]" started-at="2025-01-13T10:22:12 IST" name="locateCourseForCampus" finished-at="2025-01-13T10:22:12 IST" depends-on-methods="TestClass.NewTest.locateForEnterprise" duration-ms="358" status="PASS">
          <reporter-output>
          </reporter-output>
        </test-method> <!-- locateCourseForCampus -->
        <test-method signature="errorOnInvalidEmail()[pri:13, instance:TestClass.NewTest@4dc27487]" started-at="2025-01-13T10:22:12 IST" name="errorOnInvalidEmail" finished-at="2025-01-13T10:22:31 IST" depends-on-methods="TestClass.NewTest.locateCourseForCampus" duration-ms="19074" status="PASS">
          <reporter-output>
          </reporter-output>
        </test-method> <!-- errorOnInvalidEmail -->
        <test-method signature="errorOnInvalidMobile()[pri:14, instance:TestClass.NewTest@4dc27487]" started-at="2025-01-13T10:22:31 IST" name="errorOnInvalidMobile" finished-at="2025-01-13T10:23:01 IST" depends-on-methods="TestClass.NewTest.locateCourseForCampus" duration-ms="29814" status="PASS">
          <reporter-output>
          </reporter-output>
        </test-method> <!-- errorOnInvalidMobile -->
        <test-method signature="errorOnBlankFields()[pri:15, instance:TestClass.NewTest@4dc27487]" started-at="2025-01-13T10:23:01 IST" name="errorOnBlankFields" finished-at="2025-01-13T10:23:27 IST" depends-on-methods="TestClass.NewTest.locateCourseForCampus" duration-ms="25424" status="PASS">
          <reporter-output>
          </reporter-output>
        </test-method> <!-- errorOnBlankFields -->
        <test-method signature="locateForm()[pri:16, instance:TestClass.NewTest@4dc27487]" started-at="2025-01-13T10:23:27 IST" name="locateForm" finished-at="2025-01-13T10:23:27 IST" depends-on-methods="TestClass.NewTest.locateCourseForCampus" duration-ms="26" status="PASS">
          <reporter-output>
          </reporter-output>
        </test-method> <!-- locateForm -->
        <test-method signature="locateStateOnSelectingIndia()[pri:17, instance:TestClass.NewTest@4dc27487]" started-at="2025-01-13T10:23:27 IST" name="locateStateOnSelectingIndia" finished-at="2025-01-13T10:23:27 IST" depends-on-methods="TestClass.NewTest.locateCourseForCampus" duration-ms="24" status="PASS">
          <reporter-output>
          </reporter-output>
        </test-method> <!-- locateStateOnSelectingIndia -->
        <test-method signature="submitFormVerification()[pri:18, instance:TestClass.NewTest@4dc27487]" started-at="2025-01-13T10:23:27 IST" name="submitFormVerification" finished-at="2025-01-13T10:23:48 IST" depends-on-methods="TestClass.NewTest.locateCourseForCampus" duration-ms="21490" status="PASS">
          <reporter-output>
          </reporter-output>
        </test-method> <!-- submitFormVerification -->
        <test-method signature="takeScreenshot()[pri:19, instance:TestClass.NewTest@4dc27487]" started-at="2025-01-13T10:23:48 IST" name="takeScreenshot" finished-at="2025-01-13T10:23:48 IST" duration-ms="0" status="PASS">
          <reporter-output>
          </reporter-output>
        </test-method> <!-- takeScreenshot -->
        <test-method is-config="true" signature="afterClass()[pri:0, instance:TestClass.NewTest@4dc27487]" started-at="2025-01-13T10:23:48 IST" name="afterClass" finished-at="2025-01-13T10:23:57 IST" duration-ms="8502" status="PASS">
          <reporter-output>
          </reporter-output>
        </test-method> <!-- afterClass -->
      </class> <!-- TestClass.NewTest -->
    </test> <!-- edgetest -->
  </suite> <!-- Suite -->
</testng-results>
