<?xml version="1.0" encoding="UTF-8"?>
<testsuite xmlns:xsi="http://www.w3.org/2001/XMLSchema-instance" xsi:noNamespaceSchemaLocation="https://maven.apache.org/surefire/maven-surefire-plugin/xsd/surefire-test-report.xsd" version="3.0.2" name="TestSuite" time="271.821" tests="40" errors="0" skipped="0" failures="0">
  <properties>
[...]
</properties>
  <testcase name="openWebsite" classname="TestClass.NewTest" time="22.571">
    <system-out><![CDATA[2025-01-13 10:19:25 DEBUG TestNG:82 - suiteXmlPath: "C:\Users\2373652\eclipse-workspace\Hackathon\testng.xml"
]]></system-out>
  </testcase>
  <testcase name="openWebsite" classname="TestClass.NewTest" time="11.654"/>
  <testcase name="locateSearchBox" classname="TestClass.NewTest" time="0.037"/>
  <testcase name="locateSearchBox" classname="TestClass.NewTest" time="0.035"/>
  <testcase name="autoSuggestion" classname="TestClass.NewTest" time="44.254"/>
  <testcase name="autoSuggestion" classname="TestClass.NewTest" time="0.077"/>
  <testcase name="courseLanguageSelection" classname="TestClass.NewTest" time="3.131"/>
  <testcase name="courseLanguageSelection" classname="TestClass.NewTest" time="0.125"/>
  <testcase name="courseLevelSelection" classname="TestClass.NewTest" time="3.149"/>
  <testcase name="courseLevelSelection" classname="TestClass.NewTest" time="0.159"/>
  <testcase name="displayFirstCourseDetails" classname="TestClass.NewTest" time="4.933">
    <system-out><![CDATA[------------- COURSE 1 ---------------

Meta Front-End Developer
4.7
Beginner · Professional Certificate · 3 - 6 Months

--------------------------------------
]]></system-out>
  </testcase>
  <testcase name="displayFirstCourseDetails" classname="TestClass.NewTest" time="0.108">
    <system-out><![CDATA[------------- COURSE 1 ---------------

Meta Front-End Developer
4.7
Beginner · Professional Certificate · 3 - 6 Months

--------------------------------------
]]></system-out>
  </testcase>
  <testcase name="displaySecondCourseDetails" classname="TestClass.NewTest" time="0.075">
    <system-out><![CDATA[----------- COURSE 2 -----------------

Introduction to Web Development
4.7
Beginner · Course · 1 - 4 Weeks

--------------------------------------
]]></system-out>
  </testcase>
  <testcase name="displaySecondCourseDetails" classname="TestClass.NewTest" time="0.084">
    <system-out><![CDATA[----------- COURSE 2 -----------------

Introduction to Web Development
4.7
Beginner · Course · 1 - 4 Weeks

--------------------------------------
]]></system-out>
  </testcase>
  <testcase name="displayListOfLanguages" classname="TestClass.NewTest" time="5.017">
    <system-out><![CDATA[-------------Languages List-----------

English(2,599)
Spanish(1,505)
Arabic(1,370)
French(1,340)
Portuguese (Brazil)(1,311)
German(1,294)
Indonesian(1,272)
Japanese(1,257)
Korean(1,252)
Chinese (China)(1,244)
Ukrainian(1,238)
Turkish(1,237)
Thai(1,212)
Italian(1,211)
Hindi(1,209)
Dutch(1,205)
Polish(1,205)
Greek(1,204)
Swedish(1,204)
Russian(1,196)
Kazakh(1,124)
Hungarian(779)
Pushto(154)
Chinese (Traditional)(13)
Vietnamese(10)

--------------------------------------
]]></system-out>
  </testcase>
  <testcase name="displayListOfLanguages" classname="TestClass.NewTest" time="0.185">
    <system-out><![CDATA[-------------Languages List-----------

English(2,599)
Spanish(1,505)
Arabic(1,370)
French(1,340)
Portuguese (Brazil)(1,311)
German(1,294)
Indonesian(1,272)
Japanese(1,257)
Korean(1,252)
Chinese (China)(1,244)
Ukrainian(1,238)
Turkish(1,237)
Thai(1,212)
Italian(1,211)
Hindi(1,209)
Dutch(1,205)
Polish(1,205)
Greek(1,204)
Swedish(1,204)
Russian(1,196)
Kazakh(1,124)
Hungarian(779)
Pushto(154)
Chinese (Traditional)(13)
Vietnamese(10)

--------------------------------------
]]></system-out>
  </testcase>
  <testcase name="displayListOfLevel" classname="TestClass.NewTest" time="0.069">
    <system-out><![CDATA[------------Levels List---------------

Beginner(2,599)
Intermediate(1,704)
Advanced(207)
Mixed(408)

--------------------------------------
]]></system-out>
  </testcase>
  <testcase name="displayListOfLevel" classname="TestClass.NewTest" time="0.066">
    <system-out><![CDATA[------------Levels List---------------

Beginner(2,599)
Intermediate(1,704)
Advanced(207)
Mixed(408)

--------------------------------------
]]></system-out>
  </testcase>
  <testcase name="newTabSwitch" classname="TestClass.NewTest" time="13.832"/>
  <testcase name="newTabSwitch" classname="TestClass.NewTest" time="20.68"/>
  <testcase name="navigateBackToHome" classname="TestClass.NewTest" time="3.48"/>
  <testcase name="navigateBackToHome" classname="TestClass.NewTest" time="3.911"/>
  <testcase name="locateForEnterprise" classname="TestClass.NewTest" time="24.165"/>
  <testcase name="locateForEnterprise" classname="TestClass.NewTest" time="2.111"/>
  <testcase name="locateCourseForCampus" classname="TestClass.NewTest" time="0.359"/>
  <testcase name="locateCourseForCampus" classname="TestClass.NewTest" time="0.438"/>
  <testcase name="errorOnInvalidEmail" classname="TestClass.NewTest" time="16.523">
    <system-out><![CDATA[-------Invalid Email Error msg--------

Must be valid email.
example@yourdomain.com

--------------------------------------
]]></system-out>
    <system-err><![CDATA[ERROR StatusLogger Log4j2 could not find a logging implementation. Please add log4j-core to the classpath. Using SimpleLogger to log to the console...
]]></system-err>
  </testcase>
  <testcase name="errorOnInvalidEmail" classname="TestClass.NewTest" time="2.132">
    <system-out><![CDATA[-------Invalid Email Error msg--------

Must be valid email.
example@yourdomain.com

--------------------------------------
]]></system-out>
  </testcase>
  <testcase name="errorOnInvalidMobile" classname="TestClass.NewTest" time="21.51">
    <system-out><![CDATA[--------Invalid Phone Erro msg--------

Must be a phone number.
503-555-1212

--------------------------------------
]]></system-out>
  </testcase>
  <testcase name="errorOnInvalidMobile" classname="TestClass.NewTest" time="6.172">
    <system-out><![CDATA[--------Invalid Phone Erro msg--------

Must be a phone number.
503-555-1212

--------------------------------------
]]></system-out>
  </testcase>
  <testcase name="errorOnBlankFields" classname="TestClass.NewTest" time="23.326">
    <system-out><![CDATA[--------Empty Fields Error msg--------

This field is required.

--------------------------------------
]]></system-out>
  </testcase>
  <testcase name="errorOnBlankFields" classname="TestClass.NewTest" time="2.072">
    <system-out><![CDATA[--------Empty Fields Error msg--------

This field is required.

--------------------------------------
]]></system-out>
  </testcase>
  <testcase name="locateForm" classname="TestClass.NewTest" time="0.018"/>
  <testcase name="locateForm" classname="TestClass.NewTest" time="0.016"/>
  <testcase name="locateStateOnSelectingIndia" classname="TestClass.NewTest" time="0.019"/>
  <testcase name="locateStateOnSelectingIndia" classname="TestClass.NewTest" time="0.025"/>
  <testcase name="submitFormVerification" classname="TestClass.NewTest" time="21.492">
    <system-out><![CDATA[--------Success Message----------

Success

---------------------------------------
]]></system-out>
  </testcase>
  <testcase name="submitFormVerification" classname="TestClass.NewTest" time="0.815">
    <system-out><![CDATA[--------Success Message----------

Success

---------------------------------------
]]></system-out>
  </testcase>
  <testcase name="takeScreenshot" classname="TestClass.NewTest" time="0.001">
    <system-out><![CDATA[This is 19th test case
]]></system-out>
  </testcase>
  <testcase name="takeScreenshot" classname="TestClass.NewTest" time="0.002">
    <system-out><![CDATA[This is 19th test case
]]></system-out>
  </testcase>
</testsuite>