<?xml version="1.0" encoding="UTF-8"?>
<testng-results ignored="0" total="40" passed="32" failed="1" skipped="7">
  <reporter-output>
  </reporter-output>
  <suite started-at="2025-01-13T22:20:48 IST" name="Suite" finished-at="2025-01-13T22:23:16 IST" duration-ms="147799">
    <groups>
    </groups>
    <test started-at="2025-01-13T22:20:48 IST" name="edgetest" finished-at="2025-01-13T22:21:46 IST" duration-ms="58169">
      <class name="TestClass.NewTest">
        <test-method is-config="true" signature="setUp(java.lang.String)[pri:0, instance:TestClass.NewTest@2ca26d77]" started-at="2025-01-13T22:20:48 IST" name="setUp" finished-at="2025-01-13T22:20:52 IST" duration-ms="3850" status="PASS">
          <params>
            <param index="0">
              <value>
                <![CDATA[edge]]>
              </value>
            </param>
          </params>
          <reporter-output>
          </reporter-output>
        </test-method> <!-- setUp -->
        <test-method signature="openWebsite()[pri:0, instance:TestClass.NewTest@2ca26d77]" started-at="2025-01-13T22:20:52 IST" name="openWebsite" finished-at="2025-01-13T22:20:57 IST" duration-ms="5009" status="PASS">
          <reporter-output>
          </reporter-output>
        </test-method> <!-- openWebsite -->
        <test-method signature="locateSearchBox()[pri:1, instance:TestClass.NewTest@2ca26d77]" started-at="2025-01-13T22:20:57 IST" name="locateSearchBox" finished-at="2025-01-13T22:20:57 IST" depends-on-methods="TestClass.NewTest.openWebsite" duration-ms="35" status="PASS">
          <reporter-output>
          </reporter-output>
        </test-method> <!-- locateSearchBox -->
        <test-method signature="autoSuggestion()[pri:2, instance:TestClass.NewTest@2ca26d77]" started-at="2025-01-13T22:20:57 IST" name="autoSuggestion" finished-at="2025-01-13T22:21:15 IST" depends-on-methods="TestClass.NewTest.locateSearchBox" duration-ms="18342" status="PASS">
          <reporter-output>
          </reporter-output>
        </test-method> <!-- autoSuggestion -->
        <test-method signature="courseLanguageSelection()[pri:3, instance:TestClass.NewTest@2ca26d77]" started-at="2025-01-13T22:21:15 IST" name="courseLanguageSelection" finished-at="2025-01-13T22:21:19 IST" depends-on-methods="TestClass.NewTest.autoSuggestion" duration-ms="3338" status="PASS">
          <reporter-output>
          </reporter-output>
        </test-method> <!-- courseLanguageSelection -->
        <test-method signature="courseLevelSelection()[pri:4, instance:TestClass.NewTest@2ca26d77]" started-at="2025-01-13T22:21:19 IST" name="courseLevelSelection" finished-at="2025-01-13T22:21:22 IST" depends-on-methods="TestClass.NewTest.autoSuggestion" duration-ms="3314" status="PASS">
          <reporter-output>
          </reporter-output>
        </test-method> <!-- courseLevelSelection -->
        <test-method signature="displayFirstCourseDetails()[pri:5, instance:TestClass.NewTest@2ca26d77]" started-at="2025-01-13T22:21:22 IST" name="displayFirstCourseDetails" finished-at="2025-01-13T22:21:27 IST" depends-on-methods="TestClass.NewTest.courseLanguageSelection, TestClass.NewTest.courseLevelSelection" duration-ms="5194" status="PASS">
          <reporter-output>
          </reporter-output>
        </test-method> <!-- displayFirstCourseDetails -->
        <test-method signature="displaySecondCourseDetails()[pri:6, instance:TestClass.NewTest@2ca26d77]" started-at="2025-01-13T22:21:27 IST" name="displaySecondCourseDetails" finished-at="2025-01-13T22:21:28 IST" depends-on-methods="TestClass.NewTest.courseLanguageSelection, TestClass.NewTest.courseLevelSelection" duration-ms="171" status="PASS">
          <reporter-output>
          </reporter-output>
        </test-method> <!-- displaySecondCourseDetails -->
        <test-method signature="displayListOfLanguages()[pri:7, instance:TestClass.NewTest@2ca26d77]" started-at="2025-01-13T22:21:28 IST" name="displayListOfLanguages" finished-at="2025-01-13T22:21:33 IST" depends-on-methods="TestClass.NewTest.autoSuggestion" duration-ms="5321" status="PASS">
          <reporter-output>
          </reporter-output>
        </test-method> <!-- displayListOfLanguages -->
        <test-method signature="displayListOfLevel()[pri:8, instance:TestClass.NewTest@2ca26d77]" started-at="2025-01-13T22:21:33 IST" name="displayListOfLevel" finished-at="2025-01-13T22:21:33 IST" depends-on-methods="TestClass.NewTest.autoSuggestion" duration-ms="129" status="PASS">
          <reporter-output>
          </reporter-output>
        </test-method> <!-- displayListOfLevel -->
        <test-method signature="newTabSwitch()[pri:9, instance:TestClass.NewTest@2ca26d77]" started-at="2025-01-13T22:21:33 IST" name="newTabSwitch" finished-at="2025-01-13T22:21:39 IST" depends-on-methods="TestClass.NewTest.autoSuggestion" duration-ms="6474" status="PASS">
          <reporter-output>
          </reporter-output>
        </test-method> <!-- newTabSwitch -->
        <test-method signature="navigateBackToHome()[pri:10, instance:TestClass.NewTest@2ca26d77]" started-at="2025-01-13T22:21:39 IST" name="navigateBackToHome" finished-at="2025-01-13T22:21:43 IST" duration-ms="3811" status="PASS">
          <reporter-output>
          </reporter-output>
        </test-method> <!-- navigateBackToHome -->
        <test-method signature="locateForEnterprise()[pri:11, instance:TestClass.NewTest@2ca26d77]" started-at="2025-01-13T22:21:43 IST" name="locateForEnterprise" finished-at="2025-01-13T22:21:45 IST" depends-on-methods="TestClass.NewTest.navigateBackToHome" duration-ms="1443" status="FAIL">
          <exception class="org.openqa.selenium.ElementClickInterceptedException">
            <message>
              <![CDATA[element click intercepted: Element <a data-click-key="front_page.front_page_story.click.seo_directory_link" data-click-value="{&quot;href&quot;:&quot;/business?utm_campaign=website&amp;utm_content=corp-to-home-footer-for-enterprise&amp;utm_medium=coursera&amp;utm_source=enterprise&quot;,&quot;namespace&quot;:{&quot;action&quot;:&quot;click&quot;,&quot;app&quot;:&quot;front_page&quot;,&quot;component&quot;:&quot;seo_directory_link&quot;,&quot;page&quot;:&quot;front_page_story&quot;},&quot;schema_type&quot;:&quot;FRONTEND&quot;}" data-track="true" data-track-app="front_page" data-track-page="front_page_story" data-track-action="click" data-track-component="seo_directory_link" data-track-href="/business?utm_campaign=website&amp;utm_content=corp-to-home-footer-for-enterprise&amp;utm_medium=coursera&amp;utm_source=enterprise" href="/business?utm_campaign=website&amp;utm_content=corp-to-home-footer-for-enterprise&amp;utm_medium=coursera&amp;utm_source=enterprise" to="/business?utm_campaign=website&amp;utm_content=corp-to-home-footer-for-enterprise&amp;utm_medium=coursera&amp;utm_source=enterprise" class="rc-SubFooterSection__content-column-link-text">...</a> is not clickable at point (93, 542). Other element would receive the click: <div class="rc-CopyrightV2 lohp-rebrand">...</div>
  (Session info: MicrosoftEdge=131.0.2903.146)
Build info: version: '4.27.0', revision: 'd6e718d134'
System info: os.name: 'Windows 11', os.arch: 'amd64', os.version: '10.0', java.version: '17.0.13'
Driver info: org.openqa.selenium.edge.EdgeDriver
Command: [785749b8f707fe02556fa55da62a5431, clickElement {id=f.355A7E391798E74831A7CB6ECDA99436.d.31AD662910BDE5A308A4076B90F229C3.e.288}]
Capabilities {acceptInsecureCerts: false, browserName: MicrosoftEdge, browserVersion: 131.0.2903.146, fedcm:accounts: true, ms:edgeOptions: {debuggerAddress: localhost:55964}, msedge: {msedgedriverVersion: 131.0.2903.146 (99fcb90c1ee..., userDataDir: C:\Users\2373652\AppData\Lo...}, networkConnectionEnabled: false, pageLoadStrategy: normal, platformName: windows, proxy: Proxy(), se:cdp: ws://localhost:55964/devtoo..., se:cdpVersion: 131.0.2903.146, setWindowRect: true, strictFileInteractability: false, timeouts: {implicit: 0, pageLoad: 300000, script: 30000}, unhandledPromptBehavior: dismiss and notify, webauthn:extension:credBlob: true, webauthn:extension:largeBlob: true, webauthn:extension:minPinLength: true, webauthn:extension:prf: true, webauthn:virtualAuthenticators: true}
Element: [[EdgeDriver: MicrosoftEdge on windows (785749b8f707fe02556fa55da62a5431)] -> link text: For Enterprise]
Session ID: 785749b8f707fe02556fa55da62a5431]]>
            </message>
            <full-stacktrace>
              <![CDATA[org.openqa.selenium.ElementClickInterceptedException: element click intercepted: Element <a data-click-key="front_page.front_page_story.click.seo_directory_link" data-click-value="{&quot;href&quot;:&quot;/business?utm_campaign=website&amp;utm_content=corp-to-home-footer-for-enterprise&amp;utm_medium=coursera&amp;utm_source=enterprise&quot;,&quot;namespace&quot;:{&quot;action&quot;:&quot;click&quot;,&quot;app&quot;:&quot;front_page&quot;,&quot;component&quot;:&quot;seo_directory_link&quot;,&quot;page&quot;:&quot;front_page_story&quot;},&quot;schema_type&quot;:&quot;FRONTEND&quot;}" data-track="true" data-track-app="front_page" data-track-page="front_page_story" data-track-action="click" data-track-component="seo_directory_link" data-track-href="/business?utm_campaign=website&amp;utm_content=corp-to-home-footer-for-enterprise&amp;utm_medium=coursera&amp;utm_source=enterprise" href="/business?utm_campaign=website&amp;utm_content=corp-to-home-footer-for-enterprise&amp;utm_medium=coursera&amp;utm_source=enterprise" to="/business?utm_campaign=website&amp;utm_content=corp-to-home-footer-for-enterprise&amp;utm_medium=coursera&amp;utm_source=enterprise" class="rc-SubFooterSection__content-column-link-text">...</a> is not clickable at point (93, 542). Other element would receive the click: <div class="rc-CopyrightV2 lohp-rebrand">...</div>
  (Session info: MicrosoftEdge=131.0.2903.146)
Build info: version: '4.27.0', revision: 'd6e718d134'
System info: os.name: 'Windows 11', os.arch: 'amd64', os.version: '10.0', java.version: '17.0.13'
Driver info: org.openqa.selenium.edge.EdgeDriver
Command: [785749b8f707fe02556fa55da62a5431, clickElement {id=f.355A7E391798E74831A7CB6ECDA99436.d.31AD662910BDE5A308A4076B90F229C3.e.288}]
Capabilities {acceptInsecureCerts: false, browserName: MicrosoftEdge, browserVersion: 131.0.2903.146, fedcm:accounts: true, ms:edgeOptions: {debuggerAddress: localhost:55964}, msedge: {msedgedriverVersion: 131.0.2903.146 (99fcb90c1ee..., userDataDir: C:\Users\2373652\AppData\Lo...}, networkConnectionEnabled: false, pageLoadStrategy: normal, platformName: windows, proxy: Proxy(), se:cdp: ws://localhost:55964/devtoo..., se:cdpVersion: 131.0.2903.146, setWindowRect: true, strictFileInteractability: false, timeouts: {implicit: 0, pageLoad: 300000, script: 30000}, unhandledPromptBehavior: dismiss and notify, webauthn:extension:credBlob: true, webauthn:extension:largeBlob: true, webauthn:extension:minPinLength: true, webauthn:extension:prf: true, webauthn:virtualAuthenticators: true}
Element: [[EdgeDriver: MicrosoftEdge on windows (785749b8f707fe02556fa55da62a5431)] -> link text: For Enterprise]
Session ID: 785749b8f707fe02556fa55da62a5431
at java.base/jdk.internal.reflect.NativeConstructorAccessorImpl.newInstance0(Native Method)
at java.base/jdk.internal.reflect.NativeConstructorAccessorImpl.newInstance(NativeConstructorAccessorImpl.java:77)
at java.base/jdk.internal.reflect.DelegatingConstructorAccessorImpl.newInstance(DelegatingConstructorAccessorImpl.java:45)
at java.base/java.lang.reflect.Constructor.newInstanceWithCaller(Constructor.java:500)
at java.base/java.lang.reflect.Constructor.newInstance(Constructor.java:481)
at org.openqa.selenium.remote.ErrorCodec.decode(ErrorCodec.java:167)
at org.openqa.selenium.remote.codec.w3c.W3CHttpResponseCodec.decode(W3CHttpResponseCodec.java:138)
at org.openqa.selenium.remote.codec.w3c.W3CHttpResponseCodec.decode(W3CHttpResponseCodec.java:50)
at org.openqa.selenium.remote.HttpCommandExecutor.execute(HttpCommandExecutor.java:190)
at org.openqa.selenium.remote.service.DriverCommandExecutor.invokeExecute(DriverCommandExecutor.java:216)
at org.openqa.selenium.remote.service.DriverCommandExecutor.execute(DriverCommandExecutor.java:174)
at org.openqa.selenium.remote.RemoteWebDriver.execute(RemoteWebDriver.java:545)
at org.openqa.selenium.remote.RemoteWebElement.execute(RemoteWebElement.java:223)
at org.openqa.selenium.remote.RemoteWebElement.click(RemoteWebElement.java:76)
at TestClass.NewTest.locateForEnterprise(NewTest.java:121)
at java.base/jdk.internal.reflect.NativeMethodAccessorImpl.invoke0(Native Method)
at java.base/jdk.internal.reflect.NativeMethodAccessorImpl.invoke(NativeMethodAccessorImpl.java:77)
at java.base/jdk.internal.reflect.DelegatingMethodAccessorImpl.invoke(DelegatingMethodAccessorImpl.java:43)
at java.base/java.lang.reflect.Method.invoke(Method.java:569)
at org.testng.internal.invokers.MethodInvocationHelper.invokeMethod(MethodInvocationHelper.java:139)
at org.testng.internal.invokers.TestInvoker.invokeMethod(TestInvoker.java:664)
at org.testng.internal.invokers.TestInvoker.invokeTestMethod(TestInvoker.java:228)
at org.testng.internal.invokers.MethodRunner.runInSequence(MethodRunner.java:63)
at org.testng.internal.invokers.TestInvoker$MethodInvocationAgent.invoke(TestInvoker.java:961)
at org.testng.internal.invokers.TestInvoker.invokeTestMethods(TestInvoker.java:201)
at org.testng.internal.invokers.TestMethodWorker.invokeTestMethods(TestMethodWorker.java:148)
at org.testng.internal.invokers.TestMethodWorker.run(TestMethodWorker.java:128)
at java.base/java.util.ArrayList.forEach(ArrayList.java:1511)
at org.testng.TestRunner.privateRun(TestRunner.java:819)
at org.testng.TestRunner.run(TestRunner.java:619)
at org.testng.SuiteRunner.runTest(SuiteRunner.java:443)
at org.testng.SuiteRunner$SuiteWorker.run(SuiteRunner.java:481)
at org.testng.internal.thread.ThreadUtil.lambda$execute$0(ThreadUtil.java:58)
at java.base/java.util.concurrent.FutureTask.run(FutureTask.java:264)
at java.base/java.util.concurrent.ThreadPoolExecutor.runWorker(ThreadPoolExecutor.java:1136)
at java.base/java.util.concurrent.ThreadPoolExecutor$Worker.run(ThreadPoolExecutor.java:635)
at java.base/java.lang.Thread.run(Thread.java:840)
]]>
            </full-stacktrace>
          </exception> <!-- org.openqa.selenium.ElementClickInterceptedException -->
          <reporter-output>
          </reporter-output>
        </test-method> <!-- locateForEnterprise -->
        <test-method signature="locateCourseForCampus()[pri:12, instance:TestClass.NewTest@2ca26d77]" started-at="2025-01-13T22:21:45 IST" name="locateCourseForCampus" finished-at="2025-01-13T22:21:45 IST" depends-on-methods="TestClass.NewTest.locateForEnterprise" duration-ms="0" status="SKIP">
          <exception class="java.lang.Throwable">
            <message>
              <![CDATA[Method TestClass.NewTest.locateCourseForCampus() on instance TestClass.NewTest@2ca26d77 depends on not successfully finished methods 
[TestClass.NewTest.locateForEnterprise() on instance TestClass.NewTest@2ca26d77]]]>
            </message>
            <full-stacktrace>
              <![CDATA[java.lang.Throwable: Method TestClass.NewTest.locateCourseForCampus() on instance TestClass.NewTest@2ca26d77 depends on not successfully finished methods 
[TestClass.NewTest.locateForEnterprise() on instance TestClass.NewTest@2ca26d77]
at org.testng.internal.invokers.TestInvoker.invokeTestMethods(TestInvoker.java:157)
at org.testng.internal.invokers.TestMethodWorker.invokeTestMethods(TestMethodWorker.java:148)
at org.testng.internal.invokers.TestMethodWorker.run(TestMethodWorker.java:128)
at java.base/java.util.ArrayList.forEach(ArrayList.java:1511)
at org.testng.TestRunner.privateRun(TestRunner.java:819)
at org.testng.TestRunner.run(TestRunner.java:619)
at org.testng.SuiteRunner.runTest(SuiteRunner.java:443)
at org.testng.SuiteRunner$SuiteWorker.run(SuiteRunner.java:481)
at org.testng.internal.thread.ThreadUtil.lambda$execute$0(ThreadUtil.java:58)
at java.base/java.util.concurrent.FutureTask.run(FutureTask.java:264)
at java.base/java.util.concurrent.ThreadPoolExecutor.runWorker(ThreadPoolExecutor.java:1136)
at java.base/java.util.concurrent.ThreadPoolExecutor$Worker.run(ThreadPoolExecutor.java:635)
at java.base/java.lang.Thread.run(Thread.java:840)
]]>
            </full-stacktrace>
          </exception> <!-- java.lang.Throwable -->
          <reporter-output>
          </reporter-output>
        </test-method> <!-- locateCourseForCampus -->
        <test-method signature="errorOnInvalidEmail()[pri:13, instance:TestClass.NewTest@2ca26d77]" started-at="2025-01-13T22:21:45 IST" name="errorOnInvalidEmail" finished-at="2025-01-13T22:21:45 IST" depends-on-methods="TestClass.NewTest.locateCourseForCampus" duration-ms="0" status="SKIP">
          <exception class="java.lang.Throwable">
            <message>
              <![CDATA[Method TestClass.NewTest.errorOnInvalidEmail() on instance TestClass.NewTest@2ca26d77 depends on not successfully finished methods 
[TestClass.NewTest.locateCourseForCampus() on instance TestClass.NewTest@2ca26d77]]]>
            </message>
            <full-stacktrace>
              <![CDATA[java.lang.Throwable: Method TestClass.NewTest.errorOnInvalidEmail() on instance TestClass.NewTest@2ca26d77 depends on not successfully finished methods 
[TestClass.NewTest.locateCourseForCampus() on instance TestClass.NewTest@2ca26d77]
at org.testng.internal.invokers.TestInvoker.invokeTestMethods(TestInvoker.java:157)
at org.testng.internal.invokers.TestMethodWorker.invokeTestMethods(TestMethodWorker.java:148)
at org.testng.internal.invokers.TestMethodWorker.run(TestMethodWorker.java:128)
at java.base/java.util.ArrayList.forEach(ArrayList.java:1511)
at org.testng.TestRunner.privateRun(TestRunner.java:819)
at org.testng.TestRunner.run(TestRunner.java:619)
at org.testng.SuiteRunner.runTest(SuiteRunner.java:443)
at org.testng.SuiteRunner$SuiteWorker.run(SuiteRunner.java:481)
at org.testng.internal.thread.ThreadUtil.lambda$execute$0(ThreadUtil.java:58)
at java.base/java.util.concurrent.FutureTask.run(FutureTask.java:264)
at java.base/java.util.concurrent.ThreadPoolExecutor.runWorker(ThreadPoolExecutor.java:1136)
at java.base/java.util.concurrent.ThreadPoolExecutor$Worker.run(ThreadPoolExecutor.java:635)
at java.base/java.lang.Thread.run(Thread.java:840)
]]>
            </full-stacktrace>
          </exception> <!-- java.lang.Throwable -->
          <reporter-output>
          </reporter-output>
        </test-method> <!-- errorOnInvalidEmail -->
        <test-method signature="errorOnInvalidMobile()[pri:14, instance:TestClass.NewTest@2ca26d77]" started-at="2025-01-13T22:21:45 IST" name="errorOnInvalidMobile" finished-at="2025-01-13T22:21:45 IST" depends-on-methods="TestClass.NewTest.locateCourseForCampus" duration-ms="1" status="SKIP">
          <exception class="java.lang.Throwable">
            <message>
              <![CDATA[Method TestClass.NewTest.errorOnInvalidMobile() on instance TestClass.NewTest@2ca26d77 depends on not successfully finished methods 
[TestClass.NewTest.locateCourseForCampus() on instance TestClass.NewTest@2ca26d77]]]>
            </message>
            <full-stacktrace>
              <![CDATA[java.lang.Throwable: Method TestClass.NewTest.errorOnInvalidMobile() on instance TestClass.NewTest@2ca26d77 depends on not successfully finished methods 
[TestClass.NewTest.locateCourseForCampus() on instance TestClass.NewTest@2ca26d77]
at org.testng.internal.invokers.TestInvoker.invokeTestMethods(TestInvoker.java:157)
at org.testng.internal.invokers.TestMethodWorker.invokeTestMethods(TestMethodWorker.java:148)
at org.testng.internal.invokers.TestMethodWorker.run(TestMethodWorker.java:128)
at java.base/java.util.ArrayList.forEach(ArrayList.java:1511)
at org.testng.TestRunner.privateRun(TestRunner.java:819)
at org.testng.TestRunner.run(TestRunner.java:619)
at org.testng.SuiteRunner.runTest(SuiteRunner.java:443)
at org.testng.SuiteRunner$SuiteWorker.run(SuiteRunner.java:481)
at org.testng.internal.thread.ThreadUtil.lambda$execute$0(ThreadUtil.java:58)
at java.base/java.util.concurrent.FutureTask.run(FutureTask.java:264)
at java.base/java.util.concurrent.ThreadPoolExecutor.runWorker(ThreadPoolExecutor.java:1136)
at java.base/java.util.concurrent.ThreadPoolExecutor$Worker.run(ThreadPoolExecutor.java:635)
at java.base/java.lang.Thread.run(Thread.java:840)
]]>
            </full-stacktrace>
          </exception> <!-- java.lang.Throwable -->
          <reporter-output>
          </reporter-output>
        </test-method> <!-- errorOnInvalidMobile -->
        <test-method signature="errorOnBlankFields()[pri:15, instance:TestClass.NewTest@2ca26d77]" started-at="2025-01-13T22:21:45 IST" name="errorOnBlankFields" finished-at="2025-01-13T22:21:45 IST" depends-on-methods="TestClass.NewTest.locateCourseForCampus" duration-ms="0" status="SKIP">
          <exception class="java.lang.Throwable">
            <message>
              <![CDATA[Method TestClass.NewTest.errorOnBlankFields() on instance TestClass.NewTest@2ca26d77 depends on not successfully finished methods 
[TestClass.NewTest.locateCourseForCampus() on instance TestClass.NewTest@2ca26d77]]]>
            </message>
            <full-stacktrace>
              <![CDATA[java.lang.Throwable: Method TestClass.NewTest.errorOnBlankFields() on instance TestClass.NewTest@2ca26d77 depends on not successfully finished methods 
[TestClass.NewTest.locateCourseForCampus() on instance TestClass.NewTest@2ca26d77]
at org.testng.internal.invokers.TestInvoker.invokeTestMethods(TestInvoker.java:157)
at org.testng.internal.invokers.TestMethodWorker.invokeTestMethods(TestMethodWorker.java:148)
at org.testng.internal.invokers.TestMethodWorker.run(TestMethodWorker.java:128)
at java.base/java.util.ArrayList.forEach(ArrayList.java:1511)
at org.testng.TestRunner.privateRun(TestRunner.java:819)
at org.testng.TestRunner.run(TestRunner.java:619)
at org.testng.SuiteRunner.runTest(SuiteRunner.java:443)
at org.testng.SuiteRunner$SuiteWorker.run(SuiteRunner.java:481)
at org.testng.internal.thread.ThreadUtil.lambda$execute$0(ThreadUtil.java:58)
at java.base/java.util.concurrent.FutureTask.run(FutureTask.java:264)
at java.base/java.util.concurrent.ThreadPoolExecutor.runWorker(ThreadPoolExecutor.java:1136)
at java.base/java.util.concurrent.ThreadPoolExecutor$Worker.run(ThreadPoolExecutor.java:635)
at java.base/java.lang.Thread.run(Thread.java:840)
]]>
            </full-stacktrace>
          </exception> <!-- java.lang.Throwable -->
          <reporter-output>
          </reporter-output>
        </test-method> <!-- errorOnBlankFields -->
        <test-method signature="locateForm()[pri:16, instance:TestClass.NewTest@2ca26d77]" started-at="2025-01-13T22:21:45 IST" name="locateForm" finished-at="2025-01-13T22:21:45 IST" depends-on-methods="TestClass.NewTest.locateCourseForCampus" duration-ms="0" status="SKIP">
          <exception class="java.lang.Throwable">
            <message>
              <![CDATA[Method TestClass.NewTest.locateForm() on instance TestClass.NewTest@2ca26d77 depends on not successfully finished methods 
[TestClass.NewTest.locateCourseForCampus() on instance TestClass.NewTest@2ca26d77]]]>
            </message>
            <full-stacktrace>
              <![CDATA[java.lang.Throwable: Method TestClass.NewTest.locateForm() on instance TestClass.NewTest@2ca26d77 depends on not successfully finished methods 
[TestClass.NewTest.locateCourseForCampus() on instance TestClass.NewTest@2ca26d77]
at org.testng.internal.invokers.TestInvoker.invokeTestMethods(TestInvoker.java:157)
at org.testng.internal.invokers.TestMethodWorker.invokeTestMethods(TestMethodWorker.java:148)
at org.testng.internal.invokers.TestMethodWorker.run(TestMethodWorker.java:128)
at java.base/java.util.ArrayList.forEach(ArrayList.java:1511)
at org.testng.TestRunner.privateRun(TestRunner.java:819)
at org.testng.TestRunner.run(TestRunner.java:619)
at org.testng.SuiteRunner.runTest(SuiteRunner.java:443)
at org.testng.SuiteRunner$SuiteWorker.run(SuiteRunner.java:481)
at org.testng.internal.thread.ThreadUtil.lambda$execute$0(ThreadUtil.java:58)
at java.base/java.util.concurrent.FutureTask.run(FutureTask.java:264)
at java.base/java.util.concurrent.ThreadPoolExecutor.runWorker(ThreadPoolExecutor.java:1136)
at java.base/java.util.concurrent.ThreadPoolExecutor$Worker.run(ThreadPoolExecutor.java:635)
at java.base/java.lang.Thread.run(Thread.java:840)
]]>
            </full-stacktrace>
          </exception> <!-- java.lang.Throwable -->
          <reporter-output>
          </reporter-output>
        </test-method> <!-- locateForm -->
        <test-method signature="locateStateOnSelectingIndia()[pri:17, instance:TestClass.NewTest@2ca26d77]" started-at="2025-01-13T22:21:45 IST" name="locateStateOnSelectingIndia" finished-at="2025-01-13T22:21:45 IST" depends-on-methods="TestClass.NewTest.locateCourseForCampus" duration-ms="0" status="SKIP">
          <exception class="java.lang.Throwable">
            <message>
              <![CDATA[Method TestClass.NewTest.locateStateOnSelectingIndia() on instance TestClass.NewTest@2ca26d77 depends on not successfully finished methods 
[TestClass.NewTest.locateCourseForCampus() on instance TestClass.NewTest@2ca26d77]]]>
            </message>
            <full-stacktrace>
              <![CDATA[java.lang.Throwable: Method TestClass.NewTest.locateStateOnSelectingIndia() on instance TestClass.NewTest@2ca26d77 depends on not successfully finished methods 
[TestClass.NewTest.locateCourseForCampus() on instance TestClass.NewTest@2ca26d77]
at org.testng.internal.invokers.TestInvoker.invokeTestMethods(TestInvoker.java:157)
at org.testng.internal.invokers.TestMethodWorker.invokeTestMethods(TestMethodWorker.java:148)
at org.testng.internal.invokers.TestMethodWorker.run(TestMethodWorker.java:128)
at java.base/java.util.ArrayList.forEach(ArrayList.java:1511)
at org.testng.TestRunner.privateRun(TestRunner.java:819)
at org.testng.TestRunner.run(TestRunner.java:619)
at org.testng.SuiteRunner.runTest(SuiteRunner.java:443)
at org.testng.SuiteRunner$SuiteWorker.run(SuiteRunner.java:481)
at org.testng.internal.thread.ThreadUtil.lambda$execute$0(ThreadUtil.java:58)
at java.base/java.util.concurrent.FutureTask.run(FutureTask.java:264)
at java.base/java.util.concurrent.ThreadPoolExecutor.runWorker(ThreadPoolExecutor.java:1136)
at java.base/java.util.concurrent.ThreadPoolExecutor$Worker.run(ThreadPoolExecutor.java:635)
at java.base/java.lang.Thread.run(Thread.java:840)
]]>
            </full-stacktrace>
          </exception> <!-- java.lang.Throwable -->
          <reporter-output>
          </reporter-output>
        </test-method> <!-- locateStateOnSelectingIndia -->
        <test-method signature="submitFormVerification()[pri:18, instance:TestClass.NewTest@2ca26d77]" started-at="2025-01-13T22:21:45 IST" name="submitFormVerification" finished-at="2025-01-13T22:21:45 IST" depends-on-methods="TestClass.NewTest.locateCourseForCampus" duration-ms="1" status="SKIP">
          <exception class="java.lang.Throwable">
            <message>
              <![CDATA[Method TestClass.NewTest.submitFormVerification() on instance TestClass.NewTest@2ca26d77 depends on not successfully finished methods 
[TestClass.NewTest.locateCourseForCampus() on instance TestClass.NewTest@2ca26d77]]]>
            </message>
            <full-stacktrace>
              <![CDATA[java.lang.Throwable: Method TestClass.NewTest.submitFormVerification() on instance TestClass.NewTest@2ca26d77 depends on not successfully finished methods 
[TestClass.NewTest.locateCourseForCampus() on instance TestClass.NewTest@2ca26d77]
at org.testng.internal.invokers.TestInvoker.invokeTestMethods(TestInvoker.java:157)
at org.testng.internal.invokers.TestMethodWorker.invokeTestMethods(TestMethodWorker.java:148)
at org.testng.internal.invokers.TestMethodWorker.run(TestMethodWorker.java:128)
at java.base/java.util.ArrayList.forEach(ArrayList.java:1511)
at org.testng.TestRunner.privateRun(TestRunner.java:819)
at org.testng.TestRunner.run(TestRunner.java:619)
at org.testng.SuiteRunner.runTest(SuiteRunner.java:443)
at org.testng.SuiteRunner$SuiteWorker.run(SuiteRunner.java:481)
at org.testng.internal.thread.ThreadUtil.lambda$execute$0(ThreadUtil.java:58)
at java.base/java.util.concurrent.FutureTask.run(FutureTask.java:264)
at java.base/java.util.concurrent.ThreadPoolExecutor.runWorker(ThreadPoolExecutor.java:1136)
at java.base/java.util.concurrent.ThreadPoolExecutor$Worker.run(ThreadPoolExecutor.java:635)
at java.base/java.lang.Thread.run(Thread.java:840)
]]>
            </full-stacktrace>
          </exception> <!-- java.lang.Throwable -->
          <reporter-output>
          </reporter-output>
        </test-method> <!-- submitFormVerification -->
        <test-method signature="takeScreenshot()[pri:19, instance:TestClass.NewTest@2ca26d77]" started-at="2025-01-13T22:21:45 IST" name="takeScreenshot" finished-at="2025-01-13T22:21:45 IST" duration-ms="1" status="PASS">
          <reporter-output>
          </reporter-output>
        </test-method> <!-- takeScreenshot -->
        <test-method is-config="true" signature="afterClass()[pri:0, instance:TestClass.NewTest@2ca26d77]" started-at="2025-01-13T22:21:45 IST" name="afterClass" finished-at="2025-01-13T22:21:46 IST" duration-ms="1459" status="PASS">
          <reporter-output>
          </reporter-output>
        </test-method> <!-- afterClass -->
      </class> <!-- TestClass.NewTest -->
    </test> <!-- edgetest -->
    <test started-at="2025-01-13T22:20:48 IST" name="chrometest" finished-at="2025-01-13T22:23:16 IST" duration-ms="147799">
      <class name="TestClass.NewTest">
        <test-method is-config="true" signature="setUp(java.lang.String)[pri:0, instance:TestClass.NewTest@4ee203eb]" started-at="2025-01-13T22:20:48 IST" name="setUp" finished-at="2025-01-13T22:20:52 IST" duration-ms="3610" status="PASS">
          <params>
            <param index="0">
              <value>
                <![CDATA[chrome]]>
              </value>
            </param>
          </params>
          <reporter-output>
          </reporter-output>
        </test-method> <!-- setUp -->
        <test-method signature="openWebsite()[pri:0, instance:TestClass.NewTest@4ee203eb]" started-at="2025-01-13T22:20:52 IST" name="openWebsite" finished-at="2025-01-13T22:20:55 IST" duration-ms="3360" status="PASS">
          <reporter-output>
          </reporter-output>
        </test-method> <!-- openWebsite -->
        <test-method signature="locateSearchBox()[pri:1, instance:TestClass.NewTest@4ee203eb]" started-at="2025-01-13T22:20:55 IST" name="locateSearchBox" finished-at="2025-01-13T22:20:55 IST" depends-on-methods="TestClass.NewTest.openWebsite" duration-ms="54" status="PASS">
          <reporter-output>
          </reporter-output>
        </test-method> <!-- locateSearchBox -->
        <test-method signature="autoSuggestion()[pri:2, instance:TestClass.NewTest@4ee203eb]" started-at="2025-01-13T22:20:55 IST" name="autoSuggestion" finished-at="2025-01-13T22:21:16 IST" depends-on-methods="TestClass.NewTest.locateSearchBox" duration-ms="20669" status="PASS">
          <reporter-output>
          </reporter-output>
        </test-method> <!-- autoSuggestion -->
        <test-method signature="courseLanguageSelection()[pri:3, instance:TestClass.NewTest@4ee203eb]" started-at="2025-01-13T22:21:16 IST" name="courseLanguageSelection" finished-at="2025-01-13T22:21:19 IST" depends-on-methods="TestClass.NewTest.autoSuggestion" duration-ms="3264" status="PASS">
          <reporter-output>
          </reporter-output>
        </test-method> <!-- courseLanguageSelection -->
        <test-method signature="courseLevelSelection()[pri:4, instance:TestClass.NewTest@4ee203eb]" started-at="2025-01-13T22:21:19 IST" name="courseLevelSelection" finished-at="2025-01-13T22:21:22 IST" depends-on-methods="TestClass.NewTest.autoSuggestion" duration-ms="3271" status="PASS">
          <reporter-output>
          </reporter-output>
        </test-method> <!-- courseLevelSelection -->
        <test-method signature="displayFirstCourseDetails()[pri:5, instance:TestClass.NewTest@4ee203eb]" started-at="2025-01-13T22:21:22 IST" name="displayFirstCourseDetails" finished-at="2025-01-13T22:21:28 IST" depends-on-methods="TestClass.NewTest.courseLanguageSelection, TestClass.NewTest.courseLevelSelection" duration-ms="5164" status="PASS">
          <reporter-output>
          </reporter-output>
        </test-method> <!-- displayFirstCourseDetails -->
        <test-method signature="displaySecondCourseDetails()[pri:6, instance:TestClass.NewTest@4ee203eb]" started-at="2025-01-13T22:21:28 IST" name="displaySecondCourseDetails" finished-at="2025-01-13T22:21:28 IST" depends-on-methods="TestClass.NewTest.courseLanguageSelection, TestClass.NewTest.courseLevelSelection" duration-ms="114" status="PASS">
          <reporter-output>
          </reporter-output>
        </test-method> <!-- displaySecondCourseDetails -->
        <test-method signature="displayListOfLanguages()[pri:7, instance:TestClass.NewTest@4ee203eb]" started-at="2025-01-13T22:21:28 IST" name="displayListOfLanguages" finished-at="2025-01-13T22:21:33 IST" depends-on-methods="TestClass.NewTest.autoSuggestion" duration-ms="5207" status="PASS">
          <reporter-output>
          </reporter-output>
        </test-method> <!-- displayListOfLanguages -->
        <test-method signature="displayListOfLevel()[pri:8, instance:TestClass.NewTest@4ee203eb]" started-at="2025-01-13T22:21:33 IST" name="displayListOfLevel" finished-at="2025-01-13T22:21:33 IST" depends-on-methods="TestClass.NewTest.autoSuggestion" duration-ms="105" status="PASS">
          <reporter-output>
          </reporter-output>
        </test-method> <!-- displayListOfLevel -->
        <test-method signature="newTabSwitch()[pri:9, instance:TestClass.NewTest@4ee203eb]" started-at="2025-01-13T22:21:33 IST" name="newTabSwitch" finished-at="2025-01-13T22:21:40 IST" depends-on-methods="TestClass.NewTest.autoSuggestion" duration-ms="7388" status="PASS">
          <reporter-output>
          </reporter-output>
        </test-method> <!-- newTabSwitch -->
        <test-method signature="navigateBackToHome()[pri:10, instance:TestClass.NewTest@4ee203eb]" started-at="2025-01-13T22:21:40 IST" name="navigateBackToHome" finished-at="2025-01-13T22:21:45 IST" duration-ms="4187" status="PASS">
          <reporter-output>
          </reporter-output>
        </test-method> <!-- navigateBackToHome -->
        <test-method signature="locateForEnterprise()[pri:11, instance:TestClass.NewTest@4ee203eb]" started-at="2025-01-13T22:21:45 IST" name="locateForEnterprise" finished-at="2025-01-13T22:21:49 IST" depends-on-methods="TestClass.NewTest.navigateBackToHome" duration-ms="4445" status="PASS">
          <reporter-output>
          </reporter-output>
        </test-method> <!-- locateForEnterprise -->
        <test-method signature="locateCourseForCampus()[pri:12, instance:TestClass.NewTest@4ee203eb]" started-at="2025-01-13T22:21:49 IST" name="locateCourseForCampus" finished-at="2025-01-13T22:21:50 IST" depends-on-methods="TestClass.NewTest.locateForEnterprise" duration-ms="508" status="PASS">
          <reporter-output>
          </reporter-output>
        </test-method> <!-- locateCourseForCampus -->
        <test-method signature="errorOnInvalidEmail()[pri:13, instance:TestClass.NewTest@4ee203eb]" started-at="2025-01-13T22:21:50 IST" name="errorOnInvalidEmail" finished-at="2025-01-13T22:22:10 IST" depends-on-methods="TestClass.NewTest.locateCourseForCampus" duration-ms="20152" status="PASS">
          <reporter-output>
          </reporter-output>
        </test-method> <!-- errorOnInvalidEmail -->
        <test-method signature="errorOnInvalidMobile()[pri:14, instance:TestClass.NewTest@4ee203eb]" started-at="2025-01-13T22:22:10 IST" name="errorOnInvalidMobile" finished-at="2025-01-13T22:22:32 IST" depends-on-methods="TestClass.NewTest.locateCourseForCampus" duration-ms="22018" status="PASS">
          <reporter-output>
          </reporter-output>
        </test-method> <!-- errorOnInvalidMobile -->
        <test-method signature="errorOnBlankFields()[pri:15, instance:TestClass.NewTest@4ee203eb]" started-at="2025-01-13T22:22:32 IST" name="errorOnBlankFields" finished-at="2025-01-13T22:22:53 IST" depends-on-methods="TestClass.NewTest.locateCourseForCampus" duration-ms="21574" status="PASS">
          <reporter-output>
          </reporter-output>
        </test-method> <!-- errorOnBlankFields -->
        <test-method signature="locateForm()[pri:16, instance:TestClass.NewTest@4ee203eb]" started-at="2025-01-13T22:22:53 IST" name="locateForm" finished-at="2025-01-13T22:22:53 IST" depends-on-methods="TestClass.NewTest.locateCourseForCampus" duration-ms="36" status="PASS">
          <reporter-output>
          </reporter-output>
        </test-method> <!-- locateForm -->
        <test-method signature="locateStateOnSelectingIndia()[pri:17, instance:TestClass.NewTest@4ee203eb]" started-at="2025-01-13T22:22:53 IST" name="locateStateOnSelectingIndia" finished-at="2025-01-13T22:22:53 IST" depends-on-methods="TestClass.NewTest.locateCourseForCampus" duration-ms="35" status="PASS">
          <reporter-output>
          </reporter-output>
        </test-method> <!-- locateStateOnSelectingIndia -->
        <test-method signature="submitFormVerification()[pri:18, instance:TestClass.NewTest@4ee203eb]" started-at="2025-01-13T22:22:53 IST" name="submitFormVerification" finished-at="2025-01-13T22:23:15 IST" depends-on-methods="TestClass.NewTest.locateCourseForCampus" duration-ms="21968" status="PASS">
          <reporter-output>
          </reporter-output>
        </test-method> <!-- submitFormVerification -->
        <test-method signature="takeScreenshot()[pri:19, instance:TestClass.NewTest@4ee203eb]" started-at="2025-01-13T22:23:15 IST" name="takeScreenshot" finished-at="2025-01-13T22:23:15 IST" duration-ms="1" status="PASS">
          <reporter-output>
          </reporter-output>
        </test-method> <!-- takeScreenshot -->
        <test-method is-config="true" signature="afterClass()[pri:0, instance:TestClass.NewTest@4ee203eb]" started-at="2025-01-13T22:23:15 IST" name="afterClass" finished-at="2025-01-13T22:23:16 IST" duration-ms="452" status="PASS">
          <reporter-output>
          </reporter-output>
        </test-method> <!-- afterClass -->
      </class> <!-- TestClass.NewTest -->
    </test> <!-- chrometest -->
  </suite> <!-- Suite -->
</testng-results>
